  LevelManager.cpp
c:\users\pc\documents\tower-defense-game\gameapplication\gameapplication\levelmanager.cpp(20): error C2664: 'void std::vector<EntityPool,std::allocator<_Ty>>::push_back(_Ty &&)': cannot convert argument 1 from 'std::vector<Enemy,std::allocator<_Ty>>' to 'const EntityPool &'
          with
          [
              _Ty=EntityPool
          ]
          and
          [
              _Ty=Enemy
          ]
  c:\users\pc\documents\tower-defense-game\gameapplication\gameapplication\levelmanager.cpp(20): note: Reason: cannot convert from 'std::vector<Enemy,std::allocator<_Ty>>' to 'const EntityPool'
          with
          [
              _Ty=Enemy
          ]
  c:\users\pc\documents\tower-defense-game\gameapplication\gameapplication\levelmanager.cpp(20): note: No user-defined-conversion operator available that can perform this conversion, or the operator cannot be called
  EntityPool.cpp
  Generating Code...
  Skipping... (no relevant changes detected)
  gameApplication.cpp
